# JRE version: OpenJDK Runtime Environment (8.0_242-b01) (build 1.8.0_242-release-1644-b01)
# Java VM: OpenJDK 64-Bit Server VM (25.242-b01 mixed mode windows-amd64 compressed oops)
Heap:
 PSYoungGen      total 276992K, used 108416K [0x00000000d5580000, 0x00000000e9880000, 0x0000000100000000)
  eden space 248320K, 32% used [0x00000000d5580000,0x00000000da367fa8,0x00000000e4800000)
  from space 28672K, 99% used [0x00000000e6a00000,0x00000000e85f8390,0x00000000e8600000)
  to   space 34816K, 0% used [0x00000000e4800000,0x00000000e4800000,0x00000000e6a00000)
 ParOldGen       total 203776K, used 68119K [0x0000000080000000, 0x000000008c700000, 0x00000000d5580000)
  object space 203776K, 33% used [0x0000000080000000,0x0000000084285c28,0x000000008c700000)
 Metaspace       used 102321K, capacity 107846K, committed 107992K, reserved 1142784K
  class space    used 13589K, capacity 14725K, committed 14848K, reserved 1048576K
GC Heap History (10 events):
Event: 1665.838 GC heap before
{Heap before GC invocations=18 (full 3):
 PSYoungGen      total 215552K, used 215545K [0x00000000d5580000, 0x00000000e4780000, 0x0000000100000000)
  eden space 195584K, 100% used [0x00000000d5580000,0x00000000e1480000,0x00000000e1480000)
  from space 19968K, 99% used [0x00000000e2c80000,0x00000000e3ffe520,0x00000000e4000000)
  to   space 24576K, 0% used [0x00000000e1480000,0x00000000e1480000,0x00000000e2c80000)
 ParOldGen       total 135168K, used 39150K [0x0000000080000000, 0x0000000088400000, 0x00000000d5580000)
  object space 135168K, 28% used [0x0000000080000000,0x000000008263ba58,0x0000000088400000)
 Metaspace       used 83156K, capacity 87400K, committed 87640K, reserved 1124352K
  class space    used 11190K, capacity 12085K, committed 12160K, reserved 1048576K
Event: 1665.930 GC heap after
Heap after GC invocations=18 (full 3):
 PSYoungGen      total 220160K, used 13387K [0x00000000d5580000, 0x00000000e6300000, 0x0000000100000000)
  eden space 195584K, 0% used [0x00000000d5580000,0x00000000d5580000,0x00000000e1480000)
  from space 24576K, 54% used [0x00000000e1480000,0x00000000e2192cc8,0x00000000e2c80000)
  to   space 24064K, 0% used [0x00000000e4b80000,0x00000000e4b80000,0x00000000e6300000)
 ParOldGen       total 135168K, used 56589K [0x0000000080000000, 0x0000000088400000, 0x00000000d5580000)
  object space 135168K, 41% used [0x0000000080000000,0x00000000837435d8,0x0000000088400000)
 Metaspace       used 83156K, capacity 87400K, committed 87640K, reserved 1124352K
  class space    used 11190K, capacity 12085K, committed 12160K, reserved 1048576K
}
Event: 1672.446 GC heap before
{Heap before GC invocations=19 (full 3):
 PSYoungGen      total 220160K, used 208971K [0x00000000d5580000, 0x00000000e6300000, 0x0000000100000000)
  eden space 195584K, 100% used [0x00000000d5580000,0x00000000e1480000,0x00000000e1480000)
  from space 24576K, 54% used [0x00000000e1480000,0x00000000e2192cc8,0x00000000e2c80000)
  to   space 24064K, 0% used [0x00000000e4b80000,0x00000000e4b80000,0x00000000e6300000)
 ParOldGen       total 135168K, used 56589K [0x0000000080000000, 0x0000000088400000, 0x00000000d5580000)
  object space 135168K, 41% used [0x0000000080000000,0x00000000837435d8,0x0000000088400000)
 Metaspace       used 87768K, capacity 92156K, committed 92248K, reserved 1128448K
  class space    used 11732K, capacity 12631K, committed 12672K, reserved 1048576K
Event: 1672.487 GC heap after
Heap after GC invocations=19 (full 3):
 PSYoungGen      total 248832K, used 20619K [0x00000000d5580000, 0x00000000e6400000, 0x0000000100000000)
  eden space 224768K, 0% used [0x00000000d5580000,0x00000000d5580000,0x00000000e3100000)
  from space 24064K, 85% used [0x00000000e4b80000,0x00000000e5fa2d10,0x00000000e6300000)
  to   space 26112K, 0% used [0x00000000e3100000,0x00000000e3100000,0x00000000e4a80000)
 ParOldGen       total 135168K, used 56597K [0x0000000080000000, 0x0000000088400000, 0x00000000d5580000)
  object space 135168K, 41% used [0x0000000080000000,0x00000000837455d8,0x0000000088400000)
 Metaspace       used 87768K, capacity 92156K, committed 92248K, reserved 1128448K
  class space    used 11732K, capacity 12631K, committed 12672K, reserved 1048576K
}
Event: 1674.810 GC heap before
{Heap before GC invocations=20 (full 3):
 PSYoungGen      total 248832K, used 98858K [0x00000000d5580000, 0x00000000e6400000, 0x0000000100000000)
  eden space 224768K, 34% used [0x00000000d5580000,0x00000000da1e7c68,0x00000000e3100000)
  from space 24064K, 85% used [0x00000000e4b80000,0x00000000e5fa2d10,0x00000000e6300000)
  to   space 26112K, 0% used [0x00000000e3100000,0x00000000e3100000,0x00000000e4a80000)
 ParOldGen       total 135168K, used 56597K [0x0000000080000000, 0x0000000088400000, 0x00000000d5580000)
  object space 135168K, 41% used [0x0000000080000000,0x00000000837455d8,0x0000000088400000)
 Metaspace       used 93875K, capacity 98344K, committed 98496K, reserved 1134592K
  class space    used 12414K, capacity 13362K, committed 13440K, reserved 1048576K
Event: 1674.880 GC heap after
Heap after GC invocations=20 (full 3):
 PSYoungGen      total 250880K, used 22876K [0x00000000d5580000, 0x00000000e8600000, 0x0000000100000000)
  eden space 224768K, 0% used [0x00000000d5580000,0x00000000d5580000,0x00000000e3100000)
  from space 26112K, 87% used [0x00000000e3100000,0x00000000e4757388,0x00000000e4a80000)
  to   space 28672K, 0% used [0x00000000e6a00000,0x00000000e6a00000,0x00000000e8600000)
 ParOldGen       total 135168K, used 56605K [0x0000000080000000, 0x0000000088400000, 0x00000000d5580000)
  object space 135168K, 41% used [0x0000000080000000,0x00000000837475d8,0x0000000088400000)
 Metaspace       used 93875K, capacity 98344K, committed 98496K, reserved 1134592K
  class space    used 12414K, capacity 13362K, committed 13440K, reserved 1048576K
}
Event: 1674.880 GC heap before
{Heap before GC invocations=21 (full 4):
 PSYoungGen      total 250880K, used 22876K [0x00000000d5580000, 0x00000000e8600000, 0x0000000100000000)
  eden space 224768K, 0% used [0x00000000d5580000,0x00000000d5580000,0x00000000e3100000)
  from space 26112K, 87% used [0x00000000e3100000,0x00000000e4757388,0x00000000e4a80000)
  to   space 28672K, 0% used [0x00000000e6a00000,0x00000000e6a00000,0x00000000e8600000)
 ParOldGen       total 135168K, used 56605K [0x0000000080000000, 0x0000000088400000, 0x00000000d5580000)
  object space 135168K, 41% used [0x0000000080000000,0x00000000837475d8,0x0000000088400000)
 Metaspace       used 93875K, capacity 98344K, committed 98496K, reserved 1134592K
  class space    used 12414K, capacity 13362K, committed 13440K, reserved 1048576K
Event: 1675.434 GC heap after
Heap after GC invocations=21 (full 4):
 PSYoungGen      total 250880K, used 0K [0x00000000d5580000, 0x00000000e8600000, 0x0000000100000000)
  eden space 224768K, 0% used [0x00000000d5580000,0x00000000d5580000,0x00000000e3100000)
  from space 26112K, 0% used [0x00000000e3100000,0x00000000e3100000,0x00000000e4a80000)
  to   space 28672K, 0% used [0x00000000e6a00000,0x00000000e6a00000,0x00000000e8600000)
 ParOldGen       total 203776K, used 63136K [0x0000000080000000, 0x000000008c700000, 0x00000000d5580000)
  object space 203776K, 30% used [0x0000000080000000,0x0000000083da80c8,0x000000008c700000)
 Metaspace       used 93752K, capacity 97984K, committed 98496K, reserved 1134592K
  class space    used 12374K, capacity 13290K, committed 13440K, reserved 1048576K
}
Event: 1678.277 GC heap before
{Heap before GC invocations=22 (full 4):
 PSYoungGen      total 250880K, used 224768K [0x00000000d5580000, 0x00000000e8600000, 0x0000000100000000)
  eden space 224768K, 100% used [0x00000000d5580000,0x00000000e3100000,0x00000000e3100000)
  from space 26112K, 0% used [0x00000000e3100000,0x00000000e3100000,0x00000000e4a80000)
  to   space 28672K, 0% used [0x00000000e6a00000,0x00000000e6a00000,0x00000000e8600000)
 ParOldGen       total 203776K, used 63136K [0x0000000080000000, 0x000000008c700000, 0x00000000d5580000)
  object space 203776K, 30% used [0x0000000080000000,0x0000000083da80c8,0x000000008c700000)
 Metaspace       used 101002K, capacity 106202K, committed 106328K, reserved 1140736K
  class space    used 13376K, capacity 14445K, committed 14464K, reserved 1048576K
Event: 1678.338 GC heap after
Heap after GC invocations=22 (full 4):
 PSYoungGen      total 276992K, used 28640K [0x00000000d5580000, 0x00000000e9880000, 0x0000000100000000)
  eden space 248320K, 0% used [0x00000000d5580000,0x00000000d5580000,0x00000000e4800000)
  from space 28672K, 99% used [0x00000000e6a00000,0x00000000e85f8390,0x00000000e8600000)
  to   space 34816K, 0% used [0x00000000e4800000,0x00000000e4800000,0x00000000e6a00000)
 ParOldGen       total 203776K, used 68119K [0x0000000080000000, 0x000000008c700000, 0x00000000d5580000)
  object space 203776K, 33% used [0x0000000080000000,0x0000000084285c28,0x000000008c700000)
 Metaspace       used 101002K, capacity 106202K, committed 106328K, reserved 1140736K
  class space    used 13376K, capacity 14445K, committed 14464K, reserved 1048576K
}

